# JRE version: OpenJDK Runtime Environment (8.0_202-b03) (build 1.8.0_202-release-1483-b03)
# Java VM: OpenJDK 64-Bit Server VM (25.202-b03 mixed mode windows-amd64 compressed oops)
Heap:
 PSYoungGen      total 147456K, used 13801K [0x00000000f5580000, 0x0000000100000000, 0x0000000100000000)
  eden space 133632K, 0% used [0x00000000f5580000,0x00000000f5580000,0x00000000fd800000)
  from space 13824K, 99% used [0x00000000ff280000,0x00000000ffffa7a0,0x0000000100000000)
  to   space 20480K, 0% used [0x00000000fd800000,0x00000000fd800000,0x00000000fec00000)
 ParOldGen       total 80384K, used 26779K [0x00000000e0000000, 0x00000000e4e80000, 0x00000000f5580000)
  object space 80384K, 33% used [0x00000000e0000000,0x00000000e1a26d88,0x00000000e4e80000)
 Metaspace       used 57370K, capacity 58983K, committed 59028K, reserved 1099776K
  class space    used 7748K, capacity 8192K, committed 8192K, reserved 1048576K
GC Heap History (10 events):
Event: 14.160 GC heap after
Heap after GC invocations=8 (full 1):
 PSYoungGen      total 141312K, used 11235K [0x00000000f5580000, 0x0000000100000000, 0x0000000100000000)
  eden space 130048K, 0% used [0x00000000f5580000,0x00000000f5580000,0x00000000fd480000)
  from space 11264K, 99% used [0x00000000fd480000,0x00000000fdf78f98,0x00000000fdf80000)
  to   space 13824K, 0% used [0x00000000ff280000,0x00000000ff280000,0x0000000100000000)
 ParOldGen       total 59904K, used 11928K [0x00000000e0000000, 0x00000000e3a80000, 0x00000000f5580000)
  object space 59904K, 19% used [0x00000000e0000000,0x00000000e0ba60f0,0x00000000e3a80000)
 Metaspace       used 33567K, capacity 34272K, committed 34560K, reserved 1079296K
  class space    used 4623K, capacity 4859K, committed 4864K, reserved 1048576K
}
Event: 14.416 GC heap before
{Heap before GC invocations=9 (full 1):
 PSYoungGen      total 141312K, used 22963K [0x00000000f5580000, 0x0000000100000000, 0x0000000100000000)
  eden space 130048K, 9% used [0x00000000f5580000,0x00000000f60f3fd8,0x00000000fd480000)
  from space 11264K, 99% used [0x00000000fd480000,0x00000000fdf78f98,0x00000000fdf80000)
  to   space 13824K, 0% used [0x00000000ff280000,0x00000000ff280000,0x0000000100000000)
 ParOldGen       total 59904K, used 11928K [0x00000000e0000000, 0x00000000e3a80000, 0x00000000f5580000)
  object space 59904K, 19% used [0x00000000e0000000,0x00000000e0ba60f0,0x00000000e3a80000)
 Metaspace       used 34380K, capacity 35178K, committed 35416K, reserved 1079296K
  class space    used 4739K, capacity 4970K, committed 4992K, reserved 1048576K
Event: 14.433 GC heap after
Heap after GC invocations=9 (full 1):
 PSYoungGen      total 160768K, used 9361K [0x00000000f5580000, 0x0000000100000000, 0x0000000100000000)
  eden space 146944K, 0% used [0x00000000f5580000,0x00000000f5580000,0x00000000fe500000)
  from space 13824K, 67% used [0x00000000ff280000,0x00000000ffba4530,0x0000000100000000)
  to   space 13824K, 0% used [0x00000000fe500000,0x00000000fe500000,0x00000000ff280000)
 ParOldGen       total 59904K, used 11928K [0x00000000e0000000, 0x00000000e3a80000, 0x00000000f5580000)
  object space 59904K, 19% used [0x00000000e0000000,0x00000000e0ba60f0,0x00000000e3a80000)
 Metaspace       used 34380K, capacity 35178K, committed 35416K, reserved 1079296K
  class space    used 4739K, capacity 4970K, committed 4992K, reserved 1048576K
}
Event: 14.433 GC heap before
{Heap before GC invocations=10 (full 2):
 PSYoungGen      total 160768K, used 9361K [0x00000000f5580000, 0x0000000100000000, 0x0000000100000000)
  eden space 146944K, 0% used [0x00000000f5580000,0x00000000f5580000,0x00000000fe500000)
  from space 13824K, 67% used [0x00000000ff280000,0x00000000ffba4530,0x0000000100000000)
  to   space 13824K, 0% used [0x00000000fe500000,0x00000000fe500000,0x00000000ff280000)
 ParOldGen       total 59904K, used 11928K [0x00000000e0000000, 0x00000000e3a80000, 0x00000000f5580000)
  object space 59904K, 19% used [0x00000000e0000000,0x00000000e0ba60f0,0x00000000e3a80000)
 Metaspace       used 34380K, capacity 35178K, committed 35416K, reserved 1079296K
  class space    used 4739K, capacity 4970K, committed 4992K, reserved 1048576K
Event: 14.518 GC heap after
Heap after GC invocations=10 (full 2):
 PSYoungGen      total 160768K, used 0K [0x00000000f5580000, 0x0000000100000000, 0x0000000100000000)
  eden space 146944K, 0% used [0x00000000f5580000,0x00000000f5580000,0x00000000fe500000)
  from space 13824K, 0% used [0x00000000ff280000,0x00000000ff280000,0x0000000100000000)
  to   space 13824K, 0% used [0x00000000fe500000,0x00000000fe500000,0x00000000ff280000)
 ParOldGen       total 80384K, used 16261K [0x00000000e0000000, 0x00000000e4e80000, 0x00000000f5580000)
  object space 80384K, 20% used [0x00000000e0000000,0x00000000e0fe14e0,0x00000000e4e80000)
 Metaspace       used 34375K, capacity 35160K, committed 35416K, reserved 1079296K
  class space    used 4738K, capacity 4967K, committed 4992K, reserved 1048576K
}
Event: 20.114 GC heap before
{Heap before GC invocations=11 (full 2):
 PSYoungGen      total 160768K, used 146944K [0x00000000f5580000, 0x0000000100000000, 0x0000000100000000)
  eden space 146944K, 100% used [0x00000000f5580000,0x00000000fe500000,0x00000000fe500000)
  from space 13824K, 0% used [0x00000000ff280000,0x00000000ff280000,0x0000000100000000)
  to   space 13824K, 0% used [0x00000000fe500000,0x00000000fe500000,0x00000000ff280000)
 ParOldGen       total 80384K, used 16261K [0x00000000e0000000, 0x00000000e4e80000, 0x00000000f5580000)
  object space 80384K, 20% used [0x00000000e0000000,0x00000000e0fe14e0,0x00000000e4e80000)
 Metaspace       used 46983K, capacity 48076K, committed 48472K, reserved 1091584K
  class space    used 6390K, capacity 6739K, committed 6784K, reserved 1048576K
Event: 20.136 GC heap after
Heap after GC invocations=11 (full 2):
 PSYoungGen      total 160768K, used 13812K [0x00000000f5580000, 0x0000000100000000, 0x0000000100000000)
  eden space 146944K, 0% used [0x00000000f5580000,0x00000000f5580000,0x00000000fe500000)
  from space 13824K, 99% used [0x00000000fe500000,0x00000000ff27d178,0x00000000ff280000)
  to   space 13824K, 0% used [0x00000000ff280000,0x00000000ff280000,0x0000000100000000)
 ParOldGen       total 80384K, used 19437K [0x00000000e0000000, 0x00000000e4e80000, 0x00000000f5580000)
  object space 80384K, 24% used [0x00000000e0000000,0x00000000e12fb620,0x00000000e4e80000)
 Metaspace       used 46983K, capacity 48076K, committed 48472K, reserved 1091584K
  class space    used 6390K, capacity 6739K, committed 6784K, reserved 1048576K
}
Event: 22.875 GC heap before
{Heap before GC invocations=12 (full 2):
 PSYoungGen      total 160768K, used 152245K [0x00000000f5580000, 0x0000000100000000, 0x0000000100000000)
  eden space 146944K, 94% used [0x00000000f5580000,0x00000000fdcb0460,0x00000000fe500000)
  from space 13824K, 99% used [0x00000000fe500000,0x00000000ff27d178,0x00000000ff280000)
  to   space 13824K, 0% used [0x00000000ff280000,0x00000000ff280000,0x0000000100000000)
 ParOldGen       total 80384K, used 19437K [0x00000000e0000000, 0x00000000e4e80000, 0x00000000f5580000)
  object space 80384K, 24% used [0x00000000e0000000,0x00000000e12fb620,0x00000000e4e80000)
 Metaspace       used 57370K, capacity 58983K, committed 59028K, reserved 1099776K
  class space    used 7748K, capacity 8192K, committed 8192K, reserved 1048576K
Event: 22.907 GC heap after
Heap after GC invocations=12 (full 2):
 PSYoungGen      total 147456K, used 13801K [0x00000000f5580000, 0x0000000100000000, 0x0000000100000000)
  eden space 133632K, 0% used [0x00000000f5580000,0x00000000f5580000,0x00000000fd800000)
  from space 13824K, 99% used [0x00000000ff280000,0x00000000ffffa7a0,0x0000000100000000)
  to   space 20480K, 0% used [0x00000000fd800000,0x00000000fd800000,0x00000000fec00000)
 ParOldGen       total 80384K, used 26779K [0x00000000e0000000, 0x00000000e4e80000, 0x00000000f5580000)
  object space 80384K, 33% used [0x00000000e0000000,0x00000000e1a26d88,0x00000000e4e80000)
 Metaspace       used 57370K, capacity 58983K, committed 59028K, reserved 1099776K
  class space    used 7748K, capacity 8192K, committed 8192K, reserved 1048576K
}
Event: 22.907 GC heap before
{Heap before GC invocations=13 (full 3):
 PSYoungGen      total 147456K, used 13801K [0x00000000f5580000, 0x0000000100000000, 0x0000000100000000)
  eden space 133632K, 0% used [0x00000000f5580000,0x00000000f5580000,0x00000000fd800000)
  from space 13824K, 99% used [0x00000000ff280000,0x00000000ffffa7a0,0x0000000100000000)
  to   space 20480K, 0% used [0x00000000fd800000,0x00000000fd800000,0x00000000fec00000)
 ParOldGen       total 80384K, used 26779K [0x00000000e0000000, 0x00000000e4e80000, 0x00000000f5580000)
  object space 80384K, 33% used [0x00000000e0000000,0x00000000e1a26d88,0x00000000e4e80000)
 Metaspace       used 57370K, capacity 58983K, committed 59028K, reserved 1099776K
  class space    used 7748K, capacity 8192K, committed 8192K, reserved 1048576K

